<?xml version="1.0" encoding="UTF-8"?>
<!-- Generated by org.testng.reporters.JUnitReportReporter -->
<testsuite hostname="MCTN0073629L" name="enrollment.AppTest" tests="1" failures="0" timestamp="10 Feb 2017 13:38:38 GMT" time="0.015" errors="0">
  <testcase name="testApp" time="0.015" classname="enrollment.AppTest"/>
</testsuite> <!-- enrollment.AppTest -->
